[2018-12-12 09:07:50,813] INFO Starting the log cleaner (kafka.log.LogCleaner)
[2018-12-12 09:07:50,821] INFO [kafka-log-cleaner-thread-0]: Starting (kafka.log.LogCleaner)
[2018-12-12 09:17:05,892] INFO Cleaner 0: Beginning cleaning of log __consumer_offsets-22. (kafka.log.LogCleaner)
[2018-12-12 09:17:05,893] INFO Cleaner 0: Building offset map for __consumer_offsets-22... (kafka.log.LogCleaner)
[2018-12-12 09:17:05,917] INFO Cleaner 0: Building offset map for log __consumer_offsets-22 for 1 segments in offset range [7, 13). (kafka.log.LogCleaner)
[2018-12-12 09:17:05,925] INFO Cleaner 0: Offset map for log __consumer_offsets-22 complete. (kafka.log.LogCleaner)
[2018-12-12 09:17:05,929] INFO Cleaner 0: Cleaning log __consumer_offsets-22 (cleaning prior to Tue Dec 11 11:39:12 CET 2018, discarding tombstones prior to Wed Nov 14 09:52:07 CET 2018)... (kafka.log.LogCleaner)
[2018-12-12 09:17:05,931] INFO Cleaner 0: Cleaning segment 0 in log __consumer_offsets-22 (largest timestamp Thu Nov 15 09:52:07 CET 2018) into 0, retaining deletes. (kafka.log.LogCleaner)
[2018-12-12 09:17:05,932] INFO Cleaner 0: Cleaning segment 7 in log __consumer_offsets-22 (largest timestamp Tue Dec 11 11:39:12 CET 2018) into 0, retaining deletes. (kafka.log.LogCleaner)
[2018-12-12 09:17:05,938] INFO Cleaner 0: Swapping in cleaned segment 0 for segment(s) 0,7 in log __consumer_offsets-22. (kafka.log.LogCleaner)
[2018-12-12 09:17:05,940] INFO [kafka-log-cleaner-thread-0]: 
	Log cleaner thread 0 cleaned log __consumer_offsets-22 (dirty section = [7, 7])
	0.0 MB of log processed in 0.0 seconds (0.0 MB/sec).
	Indexed 0.0 MB in 0.0 seconds (0.0 Mb/sec, 69.6% of total time)
	Buffer utilization: 0.0%
	Cleaned 0.0 MB in 0.0 seconds (0.1 Mb/sec, 30.4% of total time)
	Start size: 0.0 MB (8 messages)
	End size: 0.0 MB (5 messages)
	61.0% size reduction (37.5% fewer messages)
 (kafka.log.LogCleaner)
[2018-12-12 09:17:35,947] INFO Cleaner 0: Beginning cleaning of log __consumer_offsets-9. (kafka.log.LogCleaner)
[2018-12-12 09:17:35,947] INFO Cleaner 0: Building offset map for __consumer_offsets-9... (kafka.log.LogCleaner)
[2018-12-12 09:17:35,980] INFO Cleaner 0: Building offset map for log __consumer_offsets-9 for 1 segments in offset range [9, 32). (kafka.log.LogCleaner)
[2018-12-12 09:17:35,982] INFO Cleaner 0: Offset map for log __consumer_offsets-9 complete. (kafka.log.LogCleaner)
[2018-12-12 09:17:35,982] INFO Cleaner 0: Cleaning log __consumer_offsets-9 (cleaning prior to Tue Dec 11 16:46:22 CET 2018, discarding tombstones prior to Tue Nov 27 11:29:07 CET 2018)... (kafka.log.LogCleaner)
[2018-12-12 09:17:35,983] INFO Cleaner 0: Cleaning segment 0 in log __consumer_offsets-9 (largest timestamp Wed Nov 28 11:29:07 CET 2018) into 0, retaining deletes. (kafka.log.LogCleaner)
[2018-12-12 09:17:35,983] INFO Cleaner 0: Cleaning segment 9 in log __consumer_offsets-9 (largest timestamp Tue Dec 11 16:46:22 CET 2018) into 0, retaining deletes. (kafka.log.LogCleaner)
[2018-12-12 09:17:35,993] INFO Cleaner 0: Swapping in cleaned segment 0 for segment(s) 0,9 in log __consumer_offsets-9. (kafka.log.LogCleaner)
[2018-12-12 09:17:35,993] INFO [kafka-log-cleaner-thread-0]: 
	Log cleaner thread 0 cleaned log __consumer_offsets-9 (dirty section = [9, 9])
	0.0 MB of log processed in 0.0 seconds (0.1 MB/sec).
	Indexed 0.0 MB in 0.0 seconds (0.1 Mb/sec, 76.1% of total time)
	Buffer utilization: 0.0%
	Cleaned 0.0 MB in 0.0 seconds (0.4 Mb/sec, 23.9% of total time)
	Start size: 0.0 MB (26 messages)
	End size: 0.0 MB (13 messages)
	67.8% size reduction (50.0% fewer messages)
 (kafka.log.LogCleaner)
[2018-12-12 09:18:05,999] INFO Cleaner 0: Beginning cleaning of log __consumer_offsets-30. (kafka.log.LogCleaner)
[2018-12-12 09:18:05,999] INFO Cleaner 0: Building offset map for __consumer_offsets-30... (kafka.log.LogCleaner)
[2018-12-12 09:18:06,010] INFO Cleaner 0: Building offset map for log __consumer_offsets-30 for 1 segments in offset range [15, 2916). (kafka.log.LogCleaner)
[2018-12-12 09:18:06,023] INFO Cleaner 0: Offset map for log __consumer_offsets-30 complete. (kafka.log.LogCleaner)
[2018-12-12 09:18:06,023] INFO Cleaner 0: Cleaning log __consumer_offsets-30 (cleaning prior to Mon Dec 10 19:15:08 CET 2018, discarding tombstones prior to Tue Nov 27 11:39:07 CET 2018)... (kafka.log.LogCleaner)
[2018-12-12 09:18:06,023] INFO Cleaner 0: Cleaning segment 0 in log __consumer_offsets-30 (largest timestamp Wed Nov 28 11:39:08 CET 2018) into 0, retaining deletes. (kafka.log.LogCleaner)
[2018-12-12 09:18:06,024] INFO Cleaner 0: Cleaning segment 15 in log __consumer_offsets-30 (largest timestamp Mon Dec 10 19:15:08 CET 2018) into 0, retaining deletes. (kafka.log.LogCleaner)
[2018-12-12 09:18:06,032] INFO Cleaner 0: Swapping in cleaned segment 0 for segment(s) 0,15 in log __consumer_offsets-30. (kafka.log.LogCleaner)
[2018-12-12 09:18:06,032] INFO [kafka-log-cleaner-thread-0]: 
	Log cleaner thread 0 cleaned log __consumer_offsets-30 (dirty section = [15, 15])
	0.4 MB of log processed in 0.0 seconds (12.6 MB/sec).
	Indexed 0.4 MB in 0.0 seconds (17.3 Mb/sec, 72.7% of total time)
	Buffer utilization: 0.0%
	Cleaned 0.4 MB in 0.0 seconds (46.3 Mb/sec, 27.3% of total time)
	Start size: 0.4 MB (2,906 messages)
	End size: 0.0 MB (10 messages)
	99.7% size reduction (99.7% fewer messages)
 (kafka.log.LogCleaner)
[2018-12-12 09:20:06,046] INFO Cleaner 0: Beginning cleaning of log __consumer_offsets-6. (kafka.log.LogCleaner)
[2018-12-12 09:20:06,046] INFO Cleaner 0: Building offset map for __consumer_offsets-6... (kafka.log.LogCleaner)
[2018-12-12 09:20:06,063] INFO Cleaner 0: Building offset map for log __consumer_offsets-6 for 1 segments in offset range [12, 50). (kafka.log.LogCleaner)
[2018-12-12 09:20:06,063] INFO Cleaner 0: Offset map for log __consumer_offsets-6 complete. (kafka.log.LogCleaner)
[2018-12-12 09:20:06,063] INFO Cleaner 0: Cleaning log __consumer_offsets-6 (cleaning prior to Tue Dec 11 14:09:18 CET 2018, discarding tombstones prior to Tue Nov 27 13:39:07 CET 2018)... (kafka.log.LogCleaner)
[2018-12-12 09:20:06,064] INFO Cleaner 0: Cleaning segment 0 in log __consumer_offsets-6 (largest timestamp Wed Nov 28 13:39:08 CET 2018) into 0, retaining deletes. (kafka.log.LogCleaner)
[2018-12-12 09:20:06,065] INFO Cleaner 0: Cleaning segment 12 in log __consumer_offsets-6 (largest timestamp Tue Dec 11 14:09:18 CET 2018) into 0, retaining deletes. (kafka.log.LogCleaner)
[2018-12-12 09:20:06,068] INFO Cleaner 0: Swapping in cleaned segment 0 for segment(s) 0,12 in log __consumer_offsets-6. (kafka.log.LogCleaner)
[2018-12-12 09:20:06,069] INFO [kafka-log-cleaner-thread-0]: 
	Log cleaner thread 0 cleaned log __consumer_offsets-6 (dirty section = [12, 12])
	0.0 MB of log processed in 0.0 seconds (0.3 MB/sec).
	Indexed 0.0 MB in 0.0 seconds (0.4 Mb/sec, 73.9% of total time)
	Buffer utilization: 0.0%
	Cleaned 0.0 MB in 0.0 seconds (1.2 Mb/sec, 26.1% of total time)
	Start size: 0.0 MB (42 messages)
	End size: 0.0 MB (19 messages)
	71.3% size reduction (54.8% fewer messages)
 (kafka.log.LogCleaner)
[2018-12-12 09:20:51,075] INFO Cleaner 0: Beginning cleaning of log __consumer_offsets-19. (kafka.log.LogCleaner)
[2018-12-12 09:20:51,075] INFO Cleaner 0: Building offset map for __consumer_offsets-19... (kafka.log.LogCleaner)
[2018-12-12 09:20:51,086] INFO Cleaner 0: Building offset map for log __consumer_offsets-19 for 2 segments in offset range [7, 18). (kafka.log.LogCleaner)
[2018-12-12 09:20:51,087] INFO Cleaner 0: Offset map for log __consumer_offsets-19 complete. (kafka.log.LogCleaner)
[2018-12-12 09:20:51,087] INFO Cleaner 0: Cleaning log __consumer_offsets-19 (cleaning prior to Tue Dec 11 13:48:45 CET 2018, discarding tombstones prior to Wed Nov 14 16:13:49 CET 2018)... (kafka.log.LogCleaner)
[2018-12-12 09:20:51,087] INFO Cleaner 0: Cleaning segment 0 in log __consumer_offsets-19 (largest timestamp Thu Nov 15 16:13:49 CET 2018) into 0, retaining deletes. (kafka.log.LogCleaner)
[2018-12-12 09:20:51,088] INFO Cleaner 0: Cleaning segment 7 in log __consumer_offsets-19 (largest timestamp Mon Nov 26 16:19:58 CET 2018) into 0, retaining deletes. (kafka.log.LogCleaner)
[2018-12-12 09:20:51,088] INFO Cleaner 0: Cleaning segment 9 in log __consumer_offsets-19 (largest timestamp Tue Dec 11 13:48:45 CET 2018) into 0, retaining deletes. (kafka.log.LogCleaner)
[2018-12-12 09:20:51,091] INFO Cleaner 0: Swapping in cleaned segment 0 for segment(s) 0,7,9 in log __consumer_offsets-19. (kafka.log.LogCleaner)
[2018-12-12 09:20:51,091] INFO [kafka-log-cleaner-thread-0]: 
	Log cleaner thread 0 cleaned log __consumer_offsets-19 (dirty section = [7, 7])
	0.0 MB of log processed in 0.0 seconds (0.1 MB/sec).
	Indexed 0.0 MB in 0.0 seconds (0.2 Mb/sec, 75.0% of total time)
	Buffer utilization: 0.0%
	Cleaned 0.0 MB in 0.0 seconds (0.6 Mb/sec, 25.0% of total time)
	Start size: 0.0 MB (13 messages)
	End size: 0.0 MB (6 messages)
	70.8% size reduction (53.8% fewer messages)
 (kafka.log.LogCleaner)
[2018-12-12 09:22:21,105] INFO Cleaner 0: Beginning cleaning of log __consumer_offsets-37. (kafka.log.LogCleaner)
[2018-12-12 09:22:21,105] INFO Cleaner 0: Building offset map for __consumer_offsets-37... (kafka.log.LogCleaner)
[2018-12-12 09:22:21,120] INFO Cleaner 0: Building offset map for log __consumer_offsets-37 for 1 segments in offset range [6, 27). (kafka.log.LogCleaner)
[2018-12-12 09:22:21,121] INFO Cleaner 0: Offset map for log __consumer_offsets-37 complete. (kafka.log.LogCleaner)
[2018-12-12 09:22:21,121] INFO Cleaner 0: Cleaning log __consumer_offsets-37 (cleaning prior to Tue Dec 11 11:38:05 CET 2018, discarding tombstones prior to Tue Nov 27 11:10:56 CET 2018)... (kafka.log.LogCleaner)
[2018-12-12 09:22:21,122] INFO Cleaner 0: Cleaning segment 0 in log __consumer_offsets-37 (largest timestamp Wed Nov 28 11:10:56 CET 2018) into 0, retaining deletes. (kafka.log.LogCleaner)
[2018-12-12 09:22:21,122] INFO Cleaner 0: Cleaning segment 6 in log __consumer_offsets-37 (largest timestamp Tue Dec 11 11:38:05 CET 2018) into 0, retaining deletes. (kafka.log.LogCleaner)
[2018-12-12 09:22:21,125] INFO Cleaner 0: Swapping in cleaned segment 0 for segment(s) 0,6 in log __consumer_offsets-37. (kafka.log.LogCleaner)
[2018-12-12 09:22:21,126] INFO [kafka-log-cleaner-thread-0]: 
	Log cleaner thread 0 cleaned log __consumer_offsets-37 (dirty section = [6, 6])
	0.0 MB of log processed in 0.0 seconds (0.2 MB/sec).
	Indexed 0.0 MB in 0.0 seconds (0.2 Mb/sec, 76.2% of total time)
	Buffer utilization: 0.0%
	Cleaned 0.0 MB in 0.0 seconds (0.8 Mb/sec, 23.8% of total time)
	Start size: 0.0 MB (24 messages)
	End size: 0.0 MB (10 messages)
	71.4% size reduction (58.3% fewer messages)
 (kafka.log.LogCleaner)
[2018-12-12 09:30:06,159] INFO Cleaner 0: Beginning cleaning of log __consumer_offsets-34. (kafka.log.LogCleaner)
[2018-12-12 09:30:06,159] INFO Cleaner 0: Building offset map for __consumer_offsets-34... (kafka.log.LogCleaner)
[2018-12-12 09:30:06,171] INFO Cleaner 0: Building offset map for log __consumer_offsets-34 for 1 segments in offset range [15, 23). (kafka.log.LogCleaner)
[2018-12-12 09:30:06,171] INFO Cleaner 0: Offset map for log __consumer_offsets-34 complete. (kafka.log.LogCleaner)
[2018-12-12 09:30:06,171] INFO Cleaner 0: Cleaning log __consumer_offsets-34 (cleaning prior to Tue Dec 11 14:09:18 CET 2018, discarding tombstones prior to Tue Nov 27 13:19:07 CET 2018)... (kafka.log.LogCleaner)
[2018-12-12 09:30:06,173] INFO Cleaner 0: Cleaning segment 0 in log __consumer_offsets-34 (largest timestamp Wed Nov 28 13:19:07 CET 2018) into 0, retaining deletes. (kafka.log.LogCleaner)
[2018-12-12 09:30:06,173] INFO Cleaner 0: Cleaning segment 15 in log __consumer_offsets-34 (largest timestamp Tue Dec 11 14:09:18 CET 2018) into 0, retaining deletes. (kafka.log.LogCleaner)
[2018-12-12 09:30:06,178] INFO Cleaner 0: Swapping in cleaned segment 0 for segment(s) 0,15 in log __consumer_offsets-34. (kafka.log.LogCleaner)
[2018-12-12 09:30:06,179] INFO [kafka-log-cleaner-thread-0]: 
	Log cleaner thread 0 cleaned log __consumer_offsets-34 (dirty section = [15, 15])
	0.0 MB of log processed in 0.0 seconds (0.1 MB/sec).
	Indexed 0.0 MB in 0.0 seconds (0.1 Mb/sec, 63.2% of total time)
	Buffer utilization: 0.0%
	Cleaned 0.0 MB in 0.0 seconds (0.3 Mb/sec, 36.8% of total time)
	Start size: 0.0 MB (13 messages)
	End size: 0.0 MB (8 messages)
	56.2% size reduction (38.5% fewer messages)
 (kafka.log.LogCleaner)
[2018-12-12 09:31:51,190] INFO Cleaner 0: Beginning cleaning of log __consumer_offsets-5. (kafka.log.LogCleaner)
[2018-12-12 09:31:51,190] INFO Cleaner 0: Building offset map for __consumer_offsets-5... (kafka.log.LogCleaner)
[2018-12-12 09:31:51,205] INFO Cleaner 0: Building offset map for log __consumer_offsets-5 for 1 segments in offset range [21, 33). (kafka.log.LogCleaner)
[2018-12-12 09:31:51,206] INFO Cleaner 0: Offset map for log __consumer_offsets-5 complete. (kafka.log.LogCleaner)
[2018-12-12 09:31:51,206] INFO Cleaner 0: Cleaning log __consumer_offsets-5 (cleaning prior to Tue Dec 11 13:44:27 CET 2018, discarding tombstones prior to Tue Nov 27 13:29:07 CET 2018)... (kafka.log.LogCleaner)
[2018-12-12 09:31:51,209] INFO Cleaner 0: Cleaning segment 0 in log __consumer_offsets-5 (largest timestamp Wed Nov 28 13:29:08 CET 2018) into 0, retaining deletes. (kafka.log.LogCleaner)
[2018-12-12 09:31:51,209] INFO Cleaner 0: Cleaning segment 21 in log __consumer_offsets-5 (largest timestamp Tue Dec 11 13:44:27 CET 2018) into 0, retaining deletes. (kafka.log.LogCleaner)
[2018-12-12 09:31:51,212] INFO Cleaner 0: Swapping in cleaned segment 0 for segment(s) 0,21 in log __consumer_offsets-5. (kafka.log.LogCleaner)
[2018-12-12 09:31:51,213] INFO [kafka-log-cleaner-thread-0]: 
	Log cleaner thread 0 cleaned log __consumer_offsets-5 (dirty section = [21, 21])
	0.0 MB of log processed in 0.0 seconds (0.1 MB/sec).
	Indexed 0.0 MB in 0.0 seconds (0.1 Mb/sec, 72.7% of total time)
	Buffer utilization: 0.0%
	Cleaned 0.0 MB in 0.0 seconds (0.5 Mb/sec, 27.3% of total time)
	Start size: 0.0 MB (17 messages)
	End size: 0.0 MB (10 messages)
	62.0% size reduction (41.2% fewer messages)
 (kafka.log.LogCleaner)
[2018-12-12 09:35:06,234] INFO Cleaner 0: Beginning cleaning of log __consumer_offsets-16. (kafka.log.LogCleaner)
[2018-12-12 09:35:06,234] INFO Cleaner 0: Building offset map for __consumer_offsets-16... (kafka.log.LogCleaner)
[2018-12-12 09:35:06,257] INFO Cleaner 0: Building offset map for log __consumer_offsets-16 for 1 segments in offset range [20, 53). (kafka.log.LogCleaner)
[2018-12-12 09:35:06,257] INFO Cleaner 0: Offset map for log __consumer_offsets-16 complete. (kafka.log.LogCleaner)
[2018-12-12 09:35:06,257] INFO Cleaner 0: Cleaning log __consumer_offsets-16 (cleaning prior to Tue Dec 11 13:29:11 CET 2018, discarding tombstones prior to Tue Nov 27 13:39:07 CET 2018)... (kafka.log.LogCleaner)
[2018-12-12 09:35:06,258] INFO Cleaner 0: Cleaning segment 0 in log __consumer_offsets-16 (largest timestamp Wed Nov 28 13:39:07 CET 2018) into 0, retaining deletes. (kafka.log.LogCleaner)
[2018-12-12 09:35:06,259] INFO Cleaner 0: Cleaning segment 20 in log __consumer_offsets-16 (largest timestamp Tue Dec 11 13:29:11 CET 2018) into 0, retaining deletes. (kafka.log.LogCleaner)
[2018-12-12 09:35:06,263] INFO Cleaner 0: Swapping in cleaned segment 0 for segment(s) 0,20 in log __consumer_offsets-16. (kafka.log.LogCleaner)
[2018-12-12 09:35:06,264] INFO [kafka-log-cleaner-thread-0]: 
	Log cleaner thread 0 cleaned log __consumer_offsets-16 (dirty section = [20, 20])
	0.0 MB of log processed in 0.0 seconds (0.2 MB/sec).
	Indexed 0.0 MB in 0.0 seconds (0.3 Mb/sec, 76.7% of total time)
	Buffer utilization: 0.0%
	Cleaned 0.0 MB in 0.0 seconds (0.9 Mb/sec, 23.3% of total time)
	Start size: 0.0 MB (38 messages)
	End size: 0.0 MB (17 messages)
	72.1% size reduction (55.3% fewer messages)
 (kafka.log.LogCleaner)
